<?xml version="1.0" encoding="UTF-8" ?>
<testsuite tests="2" failures="0" name="eu.arcadia.expertsystem.R2RUnitTest" time="0.28" errors="0" skipped="2">
  <properties>
    <property name="java.runtime.name" value="Java(TM) SE Runtime Environment"/>
    <property name="sun.boot.library.path" value="/usr/lib/jvm/jdk1.8.0_65/jre/lib/amd64"/>
    <property name="java.vm.version" value="25.65-b01"/>
    <property name="java.vm.vendor" value="Oracle Corporation"/>
    <property name="maven.multiModuleProjectDirectory" value="/home/eleni/NetBeansProjects/expertsystem"/>
    <property name="java.vendor.url" value="http://java.oracle.com/"/>
    <property name="path.separator" value=":"/>
    <property name="guice.disable.misplaced.annotation.check" value="true"/>
    <property name="java.vm.name" value="Java HotSpot(TM) 64-Bit Server VM"/>
    <property name="file.encoding.pkg" value="sun.io"/>
    <property name="user.country" value="US"/>
    <property name="sun.java.launcher" value="SUN_STANDARD"/>
    <property name="sun.os.patch.level" value="unknown"/>
    <property name="java.vm.specification.name" value="Java Virtual Machine Specification"/>
    <property name="user.dir" value="/home/eleni/NetBeansProjects/expertsystem"/>
    <property name="java.runtime.version" value="1.8.0_65-b17"/>
    <property name="java.awt.graphicsenv" value="sun.awt.X11GraphicsEnvironment"/>
    <property name="java.endorsed.dirs" value="/usr/lib/jvm/jdk1.8.0_65/jre/lib/endorsed"/>
    <property name="os.arch" value="amd64"/>
    <property name="java.io.tmpdir" value="/tmp"/>
    <property name="line.separator" value="
"/>
    <property name="java.vm.specification.vendor" value="Oracle Corporation"/>
    <property name="os.name" value="Linux"/>
    <property name="classworlds.conf" value="/usr/local/apache-maven-3.3.9/bin/m2.conf"/>
    <property name="sun.jnu.encoding" value="UTF-8"/>
    <property name="java.library.path" value="/usr/lib/R/site-library/rJava/jri/:/usr/java/packages/lib/amd64:/usr/lib64:/lib64:/lib:/usr/lib"/>
    <property name="java.specification.name" value="Java Platform API Specification"/>
    <property name="java.class.version" value="52.0"/>
    <property name="sun.management.compiler" value="HotSpot 64-Bit Tiered Compilers"/>
    <property name="os.version" value="3.16.0-50-generic"/>
    <property name="user.home" value="/home/eleni"/>
    <property name="user.timezone" value="Europe/Athens"/>
    <property name="java.awt.printerjob" value="sun.print.PSPrinterJob"/>
    <property name="file.encoding" value="UTF-8"/>
    <property name="java.specification.version" value="1.8"/>
    <property name="user.name" value="eleni"/>
    <property name="java.class.path" value="/usr/local/apache-maven-3.3.9/boot/plexus-classworlds-2.5.2.jar"/>
    <property name="java.vm.specification.version" value="1.8"/>
    <property name="sun.arch.data.model" value="64"/>
    <property name="java.home" value="/usr/lib/jvm/jdk1.8.0_65/jre"/>
    <property name="sun.java.command" value="org.codehaus.plexus.classworlds.launcher.Launcher clean install"/>
    <property name="java.specification.vendor" value="Oracle Corporation"/>
    <property name="user.language" value="en"/>
    <property name="awt.toolkit" value="sun.awt.X11.XToolkit"/>
    <property name="java.vm.info" value="mixed mode"/>
    <property name="java.version" value="1.8.0_65"/>
    <property name="java.ext.dirs" value="/usr/lib/jvm/jdk1.8.0_65/jre/lib/ext:/usr/java/packages/lib/ext"/>
    <property name="securerandom.source" value="file:/dev/./urandom"/>
    <property name="sun.boot.class.path" value="/usr/lib/jvm/jdk1.8.0_65/jre/lib/resources.jar:/usr/lib/jvm/jdk1.8.0_65/jre/lib/rt.jar:/usr/lib/jvm/jdk1.8.0_65/jre/lib/sunrsasign.jar:/usr/lib/jvm/jdk1.8.0_65/jre/lib/jsse.jar:/usr/lib/jvm/jdk1.8.0_65/jre/lib/jce.jar:/usr/lib/jvm/jdk1.8.0_65/jre/lib/charsets.jar:/usr/lib/jvm/jdk1.8.0_65/jre/lib/jfr.jar:/usr/lib/jvm/jdk1.8.0_65/jre/classes"/>
    <property name="java.vendor" value="Oracle Corporation"/>
    <property name="maven.home" value="/usr/local/apache-maven-3.3.9"/>
    <property name="file.separator" value="/"/>
    <property name="java.vendor.url.bug" value="http://bugreport.sun.com/bugreport/"/>
    <property name="sun.cpu.endian" value="little"/>
    <property name="sun.io.unicode.encoding" value="UnicodeLittle"/>
    <property name="sun.cpu.isalist" value=""/>
  </properties>
  <testcase classname="eu.arcadia.expertsystem.R2RUnitTest" name="testTranslationRuleToDRL" time="0.14">
    <skipped/>
    <system-out>01:01:17.869 [main] DEBUG o.s.t.c.j.SpringJUnit4ClassRunner - SpringJUnit4ClassRunner constructor called with [class eu.arcadia.expertsystem.R2RUnitTest]
01:01:17.872 [main] DEBUG o.s.test.context.BootstrapUtils - Instantiating CacheAwareContextLoaderDelegate from class [org.springframework.test.context.cache.DefaultCacheAwareContextLoaderDelegate]
01:01:17.875 [main] DEBUG o.s.test.context.BootstrapUtils - Instantiating BootstrapContext using constructor [public org.springframework.test.context.support.DefaultBootstrapContext(java.lang.Class,org.springframework.test.context.CacheAwareContextLoaderDelegate)]
01:01:17.882 [main] DEBUG o.s.test.context.BootstrapUtils - Instantiating TestContextBootstrapper for test class [eu.arcadia.expertsystem.R2RUnitTest] from class [org.springframework.test.context.support.DefaultTestContextBootstrapper]
01:01:17.906 [main] DEBUG o.s.t.c.s.DefaultTestContextBootstrapper - Found explicit ContextLoader class [org.springframework.boot.test.SpringApplicationContextLoader] for context configuration attributes [ContextConfigurationAttributes@52feb982 declaringClass = &apos;eu.arcadia.expertsystem.R2RUnitTest&apos;, classes = &apos;{class eu.arcadia.expertsystem.RulesEngineApp}&apos;, locations = &apos;{}&apos;, inheritLocations = true, initializers = &apos;{}&apos;, inheritInitializers = true, name = [null], contextLoaderClass = &apos;org.springframework.boot.test.SpringApplicationContextLoader&apos;]
01:01:17.911 [main] DEBUG o.s.t.c.s.AbstractContextLoader - Did not detect default resource location for test class [eu.arcadia.expertsystem.R2RUnitTest]: class path resource [eu/arcadia/expertsystem/R2RUnitTest-context.xml] does not exist
01:01:17.912 [main] DEBUG o.s.t.c.s.AbstractContextLoader - Did not detect default resource location for test class [eu.arcadia.expertsystem.R2RUnitTest]: class path resource [eu/arcadia/expertsystem/R2RUnitTestContext.groovy] does not exist
01:01:17.912 [main] INFO  o.s.t.c.s.AbstractContextLoader - Could not detect default resource locations for test class [eu.arcadia.expertsystem.R2RUnitTest]: no resource found for suffixes {-context.xml, Context.groovy}.
01:01:17.913 [main] DEBUG o.s.t.c.support.ActiveProfilesUtils - Could not find an &apos;annotation declaring class&apos; for annotation type [org.springframework.test.context.ActiveProfiles] and class [eu.arcadia.expertsystem.R2RUnitTest]
01:01:17.916 [main] DEBUG o.s.t.c.s.DefaultTestContextBootstrapper - @TestExecutionListeners is not present for class [eu.arcadia.expertsystem.R2RUnitTest]: using defaults.
01:01:17.921 [main] INFO  o.s.t.c.s.DefaultTestContextBootstrapper - Loaded default TestExecutionListener class names from location [META-INF/spring.factories]: [org.springframework.test.context.web.ServletTestExecutionListener, org.springframework.test.context.support.DirtiesContextBeforeModesTestExecutionListener, org.springframework.test.context.support.DependencyInjectionTestExecutionListener, org.springframework.test.context.support.DirtiesContextTestExecutionListener, org.springframework.test.context.transaction.TransactionalTestExecutionListener, org.springframework.test.context.jdbc.SqlScriptsTestExecutionListener]
01:01:17.935 [main] INFO  o.s.t.c.s.DefaultTestContextBootstrapper - Using TestExecutionListeners: [org.springframework.test.context.web.ServletTestExecutionListener@704921a5, org.springframework.test.context.support.DirtiesContextBeforeModesTestExecutionListener@df27fae, org.springframework.test.context.support.DependencyInjectionTestExecutionListener@24a35978, org.springframework.test.context.support.DirtiesContextTestExecutionListener@16f7c8c1, org.springframework.test.context.transaction.TransactionalTestExecutionListener@2f0a87b3, org.springframework.test.context.jdbc.SqlScriptsTestExecutionListener@319b92f3]
01:01:17.937 [main] DEBUG o.s.t.annotation.ProfileValueUtils - Retrieved @ProfileValueSourceConfiguration [null] for test class [eu.arcadia.expertsystem.R2RUnitTest]
01:01:17.938 [main] DEBUG o.s.t.annotation.ProfileValueUtils - Retrieved ProfileValueSource type [class org.springframework.test.annotation.SystemProfileValueSource] for class [eu.arcadia.expertsystem.R2RUnitTest]
01:01:17.938 [main] DEBUG o.s.t.annotation.ProfileValueUtils - Retrieved @ProfileValueSourceConfiguration [null] for test class [eu.arcadia.expertsystem.R2RUnitTest]
01:01:17.938 [main] DEBUG o.s.t.annotation.ProfileValueUtils - Retrieved ProfileValueSource type [class org.springframework.test.annotation.SystemProfileValueSource] for class [eu.arcadia.expertsystem.R2RUnitTest]
</system-out>
  </testcase>
  <testcase classname="eu.arcadia.expertsystem.R2RUnitTest" name="ignoredTest" time="0.14">
    <skipped/>
  </testcase>
</testsuite>